2023-05-15 16:05:476 INFO  HomePage :35 - Enter User Name: username
2023-05-15 16:05:534 INFO  HomePage :42 - Enter Password: password
2023-05-15 16:05:579 INFO  HomePage :49 - Click On Login Button: 
2023-05-15 16:05:922 INFO  HomePage :35 - Enter User Name: standard_user
2023-05-15 16:05:980 INFO  HomePage :42 - Enter Password: secret_sauce
2023-05-15 16:05:50 INFO  HomePage :49 - Click On Login Button: 
2023-05-15 16:05:657 INFO  HomePage :35 - Enter User Name: standard_user
2023-05-15 16:05:735 INFO  HomePage :42 - Enter Password: secret_sauce
2023-05-15 16:05:802 INFO  HomePage :49 - Click On Login Button: 
2023-05-15 16:05:833 INFO  ProductPage :34 - Verify Products Title: 
2023-05-15 16:05:18 INFO  HomePage :35 - Enter User Name: standard_user
2023-05-15 16:05:71 INFO  HomePage :42 - Enter Password: secret_sauce
2023-05-15 16:05:139 INFO  HomePage :49 - Click On Login Button: 
2023-05-15 16:05:633 INFO  HomePage :35 - Enter User Name: standard_user
2023-05-15 16:05:682 INFO  HomePage :42 - Enter Password: secret_sauc
2023-05-15 16:05:728 INFO  HomePage :49 - Click On Login Button: 
2023-05-15 16:05:203 INFO  HomePage :35 - Enter User Name: standard_user
2023-05-15 16:05:254 INFO  HomePage :42 - Enter Password: secret_sauce
2023-05-15 16:05:335 INFO  HomePage :49 - Click On Login Button: 
2023-05-15 16:05:245 INFO  HomePage :35 - Enter User Name: standard_user
2023-05-15 16:05:296 INFO  HomePage :42 - Enter Password: secret_sauc
2023-05-15 16:05:342 INFO  HomePage :49 - Click On Login Button: 
2023-05-15 16:05:637 INFO  HomePage :35 - Enter User Name: standard_user
2023-05-15 16:05:684 INFO  HomePage :42 - Enter Password: secret_sauce
2023-05-15 16:05:752 INFO  HomePage :49 - Click On Login Button: 
2023-05-15 19:05:382 INFO  HomePage :35 - Enter User Name: standard_user
2023-05-15 19:05:437 INFO  HomePage :42 - Enter Password: secret_sauc
2023-05-15 19:05:503 INFO  HomePage :49 - Click On Login Button: 
2023-05-15 19:05:913 INFO  HomePage :35 - Enter User Name: standard_user
2023-05-15 19:05:960 INFO  HomePage :42 - Enter Password: secret_sauce
2023-05-15 19:05:30 INFO  HomePage :49 - Click On Login Button: 
2023-05-15 19:05:655 INFO  HomePage :35 - Enter User Name: standard_user
2023-05-15 19:05:716 INFO  HomePage :42 - Enter Password: secret_sauce
2023-05-15 19:05:784 INFO  HomePage :49 - Click On Login Button: 
2023-05-15 19:05:816 INFO  ProductPage :34 - Verify Products Title: 
2023-05-15 19:05:871 INFO  HomePage :35 - Enter User Name: standard_user
2023-05-15 19:05:912 INFO  HomePage :42 - Enter Password: secret_sauce
2023-05-15 19:05:979 INFO  HomePage :49 - Click On Login Button: 
2023-05-16 13:05:297 INFO  HomePage :35 - Enter User Name: standard_user
2023-05-16 13:05:377 INFO  HomePage :42 - Enter Password: secret_sauce
2023-05-16 13:05:478 INFO  HomePage :49 - Click On Login Button: 
2023-05-16 13:05:525 INFO  ProductPage :34 - Verify Products Title: 
2023-05-16 13:05:846 INFO  HomePage :35 - Enter User Name: standard_user
2023-05-16 13:05:915 INFO  HomePage :42 - Enter Password: secret_sauce
2023-05-16 13:05:21 INFO  HomePage :49 - Click On Login Button: 
